[debug] [2021-12-16T01:23:33.807Z] ----------------------------------------------------------------------
[debug] [2021-12-16T01:23:33.812Z] Command:       C:\Program Files\nodejs\node.exe C:\Users\Lawencon\Documents\sdks\quasargram\node_modules\firebase-tools\lib\bin\firebase.js deploy
[debug] [2021-12-16T01:23:33.813Z] CLI Version:   9.18.0
[debug] [2021-12-16T01:23:33.813Z] Platform:      win32
[debug] [2021-12-16T01:23:33.813Z] Node Version:  v12.22.1
[debug] [2021-12-16T01:23:33.816Z] Time:          Thu Dec 16 2021 08:23:33 GMT+0700 (Western Indonesia Time)
[debug] [2021-12-16T01:23:33.817Z] ----------------------------------------------------------------------
[debug] 
[debug] [2021-12-16T01:23:33.832Z] >>> [apiv2][query] GET https://firebase-public.firebaseio.com/cli.json [none]
[debug] [2021-12-16T01:23:33.986Z] > command requires scopes: ["email","openid","https://www.googleapis.com/auth/cloudplatformprojects.readonly","https://www.googleapis.com/auth/firebase","https://www.googleapis.com/auth/cloud-platform"]
[debug] [2021-12-16T01:23:33.986Z] > authorizing via signed-in user (priaaji.setyanegoro@gmail.com)
[debug] [2021-12-16T01:23:33.986Z] [iam] checking project quasargram-c0a5a for permissions ["firebase.projects.get","firebasehosting.sites.update"]
[debug] [2021-12-16T01:23:33.989Z] > refreshing access token with scopes: ["email","https://www.googleapis.com/auth/cloud-platform","https://www.googleapis.com/auth/cloudplatformprojects.readonly","https://www.googleapis.com/auth/firebase","openid"]
[debug] [2021-12-16T01:23:33.990Z] >>> HTTP REQUEST POST https://www.googleapis.com/oauth2/v3/token  
 <request body omitted>
[debug] [2021-12-16T01:23:34.170Z] [iam] error while checking permissions, command may fail: FirebaseError: Authentication Error: Your credentials are no longer valid. Please run firebase login --reauth

For CI servers and headless environments, generate a new token with firebase login:ci
[debug] [2021-12-16T01:23:34.172Z] > refreshing access token with scopes: []
[debug] [2021-12-16T01:23:34.172Z] >>> HTTP REQUEST POST https://www.googleapis.com/oauth2/v3/token  
 <request body omitted>
[debug] [2021-12-16T01:23:34.175Z] Authentication Error: Your credentials are no longer valid. Please run firebase login --reauth

For CI servers and headless environments, generate a new token with firebase login:ci
[debug] [2021-12-16T01:23:34.278Z] FirebaseError: Authentication Error: Your credentials are no longer valid. Please run firebase login --reauth

For CI servers and headless environments, generate a new token with firebase login:ci
    at invalidCredentialError (C:\Users\Lawencon\Documents\sdks\quasargram\node_modules\firebase-tools\lib\auth.js:141:12)
    at refreshTokens (C:\Users\Lawencon\Documents\sdks\quasargram\node_modules\firebase-tools\lib\auth.js:448:15)
    at processTicksAndRejections (internal/process/task_queues.js:97:5)
[error] 
[error] Error: Failed to get Firebase project quasargram-c0a5a. Please make sure the project exists and your account has permission to access it.
